<?xml version="1.0" encoding="UTF-8"?>
<!-- Generated by org.testng.reporters.JUnitReportReporter -->
<testsuite ignored="0" hostname="amandhare-C02F5ARJMD6N" failures="0" tests="1" name="AppiumFramework.AppiumFramework.GenrealstorewithPOMTC" time="22.544" errors="0" timestamp="29 Jun 2021 09:28:26 GMT" skipped="0">
  <testcase classname="AppiumFramework.AppiumFramework.GenrealstorewithPOMTC" name="totalvalidation" time="22.544"/>
</testsuite> <!-- AppiumFramework.AppiumFramework.GenrealstorewithPOMTC -->
