<?xml version="1.0" encoding="UTF-8"?>
<!-- Generated by org.testng.reporters.JUnitReportReporter -->
<testsuite hostname="amandhare-C02F5ARJMD6N" failures="0" tests="1" name="AppiumFramework.AppiumFramework.validatingSumOncheheckoutPage_TC_4" time="20.533" errors="0" timestamp="24 Jun 2021 10:54:16 GMT" skipped="0">
  <testcase classname="AppiumFramework.AppiumFramework.validatingSumOncheheckoutPage_TC_4" name="totalvalidation" time="20.533"/>
</testsuite> <!-- AppiumFramework.AppiumFramework.validatingSumOncheheckoutPage_TC_4 -->
